\BOOKMARK [1][-]{section*.2}{\376\377\000C\000h\000e\000c\000k\000e\000d\000\040\000a\000n\000s\000w\000e\000r\000\040\000k\000e\000y}{}% 1
\BOOKMARK [1][-]{section.1}{\376\377\000E\000x\000t\000r\000a\000c\000t\000e\000d\000\040\000f\000i\000g\000u\000r\000e\000s}{}% 2
\BOOKMARK [1][-]{section.2}{\376\377\000O\000b\000s\000e\000r\000v\000a\000t\000i\000o\000n\000\040\000d\000e\000s\000\040\000s\000y\000l\000p\000h\000e\000s}{}% 3
\BOOKMARK [2][-]{section*.10}{\376\377\000Q\000u\000e\000s\000t\000i\000o\000n\000\040\0001}{section.2}% 4
\BOOKMARK [2][-]{section*.11}{\376\377\000Q\000u\000e\000s\000t\000i\000o\000n\000\040\0002}{section.2}% 5
\BOOKMARK [2][-]{section*.12}{\376\377\000Q\000u\000e\000s\000t\000i\000o\000n\000\040\0003}{section.2}% 6
\BOOKMARK [2][-]{section*.13}{\376\377\000Q\000u\000e\000s\000t\000i\000o\000n\000\040\0004}{section.2}% 7
\BOOKMARK [2][-]{section*.14}{\376\377\000Q\000u\000e\000s\000t\000i\000o\000n\000\040\0005}{section.2}% 8
\BOOKMARK [2][-]{section*.15}{\376\377\000Q\000u\000e\000s\000t\000i\000o\000n\000\040\0006}{section.2}% 9
\BOOKMARK [2][-]{section*.16}{\376\377\000Q\000u\000e\000s\000t\000i\000o\000n\000\040\0007}{section.2}% 10
\BOOKMARK [1][-]{section.3}{\376\377\000U\000n\000e\000\040\000a\000t\000m\000o\000s\000p\000h\000\350\000r\000e\000\040\000\340\000\040\000p\000r\000e\000s\000s\000i\000o\000n\000\040\000v\000a\000r\000i\000a\000b\000l\000e}{}% 11
\BOOKMARK [2][-]{section*.17}{\376\377\000Q\000u\000e\000s\000t\000i\000o\000n\000\040\0008}{section.3}% 12
\BOOKMARK [2][-]{section*.18}{\376\377\000Q\000u\000e\000s\000t\000i\000o\000n\000\040\0009}{section.3}% 13
\BOOKMARK [2][-]{section*.19}{\376\377\000Q\000u\000e\000s\000t\000i\000o\000n\000\040\0001\0000}{section.3}% 14
\BOOKMARK [2][-]{section*.20}{\376\377\000Q\000u\000e\000s\000t\000i\000o\000n\000\040\0001\0001}{section.3}% 15
\BOOKMARK [2][-]{section*.21}{\376\377\000Q\000u\000e\000s\000t\000i\000o\000n\000\040\0001\0002}{section.3}% 16
\BOOKMARK [1][-]{section.4}{\376\377\000U\000n\000e\000\040\000a\000t\000m\000o\000s\000p\000h\000\350\000r\000e\000\040\000\351\000l\000e\000c\000t\000r\000i\000q\000u\000e}{}% 17
\BOOKMARK [2][-]{section*.22}{\376\377\000Q\000u\000e\000s\000t\000i\000o\000n\000\040\0001\0003}{section.4}% 18
\BOOKMARK [2][-]{section*.23}{\376\377\000Q\000u\000e\000s\000t\000i\000o\000n\000\040\0001\0004}{section.4}% 19
\BOOKMARK [2][-]{section*.24}{\376\377\000Q\000u\000e\000s\000t\000i\000o\000n\000\040\0001\0005}{section.4}% 20
\BOOKMARK [2][-]{section*.25}{\376\377\000Q\000u\000e\000s\000t\000i\000o\000n\000\040\0001\0006}{section.4}% 21
\BOOKMARK [2][-]{section*.26}{\376\377\000Q\000u\000e\000s\000t\000i\000o\000n\000\040\0001\0007}{section.4}% 22
\BOOKMARK [1][-]{section.5}{\376\377\000F\000o\000r\000m\000a\000t\000i\000o\000n\000\040\000a\000v\000a\000l\000a\000n\000c\000h\000e\000u\000s\000e\000\040\000d\000e\000\040\000c\000o\000u\000r\000a\000n\000t}{}% 23
\BOOKMARK [2][-]{section*.27}{\376\377\000Q\000u\000e\000s\000t\000i\000o\000n\000\040\0001\0008}{section.5}% 24
\BOOKMARK [2][-]{section*.28}{\376\377\000Q\000u\000e\000s\000t\000i\000o\000n\000\040\0001\0009}{section.5}% 25
\BOOKMARK [2][-]{section*.29}{\376\377\000Q\000u\000e\000s\000t\000i\000o\000n\000\040\0002\0000}{section.5}% 26
\BOOKMARK [2][-]{section*.30}{\376\377\000Q\000u\000e\000s\000t\000i\000o\000n\000\040\0002\0001}{section.5}% 27
\BOOKMARK [2][-]{section*.31}{\376\377\000Q\000u\000e\000s\000t\000i\000o\000n\000\040\0002\0002}{section.5}% 28
\BOOKMARK [2][-]{section*.32}{\376\377\000Q\000u\000e\000s\000t\000i\000o\000n\000\040\0002\0003}{section.5}% 29
\BOOKMARK [2][-]{section*.33}{\376\377\000Q\000u\000e\000s\000t\000i\000o\000n\000\040\0002\0004}{section.5}% 30
\BOOKMARK [1][-]{section*.34}{\376\377\000F\000i\000n\000a\000l\000\040\000c\000h\000e\000c\000k\000e\000d\000\040\000r\000e\000s\000u\000l\000t\000s}{}% 31
